<?xml version="1.0" encoding="UTF-8"?>
<!-- Generated by org.testng.reporters.JUnitReportReporter -->
<testsuite hostname="fdbccbae305176625efeecefdccebatwo-0" failures="0" tests="3" name="runner.Testcase1" time="40.712" errors="0" timestamp="2023-09-16T07:55:35 UTC" skipped="0">
  <testcase classname="runner.Testcase1" name="Register" time="19.132"/>
  <testcase classname="runner.Testcase1" name="Valid_Login_TC" time="5.719"/>
  <testcase classname="runner.Testcase1" name="WithdrawTest" time="15.861"/>
</testsuite> <!-- runner.Testcase1 -->
